<?xml version="1.0" encoding="UTF-8"?>
<testng-results ignored="0" total="2" passed="2" failed="0" skipped="0">
  <reporter-output>
  </reporter-output>
  <suite started-at="2022-11-22T05:25:51 GMT+02:00" name="Default suite" finished-at="2022-11-22T05:26:19 GMT+02:00" duration-ms="28300">
    <groups>
    </groups>
    <test started-at="2022-11-22T05:25:51 GMT+02:00" name="Default test" finished-at="2022-11-22T05:26:19 GMT+02:00" duration-ms="28300">
      <class name="SmartBuyTestNgClass">
        <test-method is-config="true" signature="test_login()[pri:0, instance:SmartBuyTestNgClass@4466af20]" started-at="2022-11-22T05:25:51 GMT+02:00" name="test_login" finished-at="2022-11-22T05:26:08 GMT+02:00" duration-ms="17413" status="PASS">
          <reporter-output>
          </reporter-output>
        </test-method> <!-- test_login -->
        <test-method signature="test_add_item_SAMSUNG_50_inch_to_cart()[pri:1, instance:SmartBuyTestNgClass@4466af20]" started-at="2022-11-22T05:26:08 GMT+02:00" name="test_add_item_SAMSUNG_50_inch_to_cart" finished-at="2022-11-22T05:26:13 GMT+02:00" duration-ms="4951" status="PASS">
          <reporter-output>
          </reporter-output>
        </test-method> <!-- test_add_item_SAMSUNG_50_inch_to_cart -->
        <test-method signature="test_check_the_correct_price()[pri:2, instance:SmartBuyTestNgClass@4466af20]" started-at="2022-11-22T05:26:13 GMT+02:00" name="test_check_the_correct_price" finished-at="2022-11-22T05:26:14 GMT+02:00" duration-ms="501" status="PASS">
          <reporter-output>
          </reporter-output>
        </test-method> <!-- test_check_the_correct_price -->
        <test-method is-config="true" signature="test_close_website()[pri:0, instance:SmartBuyTestNgClass@4466af20]" started-at="2022-11-22T05:26:14 GMT+02:00" name="test_close_website" finished-at="2022-11-22T05:26:19 GMT+02:00" duration-ms="5382" status="PASS">
          <reporter-output>
          </reporter-output>
        </test-method> <!-- test_close_website -->
      </class> <!-- SmartBuyTestNgClass -->
    </test> <!-- Default test -->
  </suite> <!-- Default suite -->
</testng-results>
